TN:
SF:C:\repos\vocab-builder\vocab-builder\frontend\src\boot\axios.js
FNF:0
FNH:0
DA:4,0
LF:1
LH:0
BRF:0
BRH:0
end_of_record
TN:
SF:C:\repos\vocab-builder\vocab-builder\frontend\src\boot\i18n.js
FN:13,(anonymous_0)
FNF:1
FNH:0
FNDA:0,(anonymous_0)
DA:5,0
DA:7,0
DA:15,0
LF:3
LH:0
BRF:0
BRH:0
end_of_record
TN:
SF:C:\repos\vocab-builder\vocab-builder\frontend\src\components\editDialog.vue
FN:38,data
FN:44,cancel
FN:47,save
FN:52,currentEditableWord
FNF:4
FNH:1
FNDA:3,data
FNDA:0,cancel
FNDA:0,save
FNDA:0,currentEditableWord
DA:39,3
DA:45,0
DA:48,0
DA:53,0
LF:4
LH:1
BRF:0
BRH:0
end_of_record
TN:
SF:C:\repos\vocab-builder\vocab-builder\frontend\src\helpers\consts.js
FNF:0
FNH:0
DA:1,1
LF:1
LH:1
BRF:0
BRH:0
end_of_record
TN:
SF:C:\repos\vocab-builder\vocab-builder\frontend\src\helpers\helpers.js
FN:5,(anonymous_0)
FN:5,(anonymous_1)
FN:6,(anonymous_2)
FN:12,(anonymous_3)
FN:16,(anonymous_4)
FN:20,(anonymous_5)
FN:24,(anonymous_6)
FN:28,(anonymous_7)
FNF:8
FNH:1
FNDA:5,(anonymous_0)
FNDA:0,(anonymous_1)
FNDA:0,(anonymous_2)
FNDA:0,(anonymous_3)
FNDA:0,(anonymous_4)
FNDA:0,(anonymous_5)
FNDA:0,(anonymous_6)
FNDA:0,(anonymous_7)
DA:3,1
DA:5,5
DA:6,0
DA:7,0
DA:11,1
DA:13,0
DA:14,0
DA:17,0
DA:18,0
DA:21,0
DA:22,0
DA:25,0
DA:26,0
DA:29,0
DA:30,0
LF:15
LH:3
BRF:0
BRH:0
end_of_record
TN:
SF:C:\repos\vocab-builder\vocab-builder\frontend\src\i18n\index.js
FNF:0
FNH:0
LF:0
LH:0
BRF:0
BRH:0
end_of_record
TN:
SF:C:\repos\vocab-builder\vocab-builder\frontend\src\i18n\en-us\index.js
FNF:0
FNH:0
LF:0
LH:0
BRF:0
BRH:0
end_of_record
TN:
SF:C:\repos\vocab-builder\vocab-builder\frontend\src\layouts\MainLayout.vue
FN:33,data
FNF:1
FNH:0
FNDA:0,data
DA:34,0
LF:1
LH:0
BRF:0
BRH:0
end_of_record
TN:
SF:C:\repos\vocab-builder\vocab-builder\frontend\src\pages\CreateWord.vue
FN:34,data
FN:43,createWord
FNF:2
FNH:0
FNDA:0,data
FNDA:0,createWord
DA:30,0
DA:35,0
DA:43,0
DA:44,0
DA:45,0
LF:5
LH:0
BRDA:43,0,0,0
BRDA:43,0,1,0
BRDA:43,0,2,0
BRDA:43,0,3,0
BRDA:45,1,0,0
BRDA:45,1,1,0
BRF:6
BRH:0
end_of_record
TN:
SF:C:\repos\vocab-builder\vocab-builder\frontend\src\pages\Show.vue
FN:37,data
FN:42,created
FNF:2
FNH:0
FNDA:0,data
FNDA:0,created
DA:29,0
DA:30,0
DA:38,0
DA:42,0
DA:43,0
LF:5
LH:0
BRDA:42,0,0,0
BRDA:42,0,1,0
BRDA:42,0,2,0
BRDA:42,0,3,0
BRF:4
BRH:0
end_of_record
TN:
SF:C:\repos\vocab-builder\vocab-builder\frontend\src\pages\Words.vue
FN:54,data
FN:65,openingModal
FN:66,(anonymous_3)
FN:69,closePopup
FN:72,updateWord
FN:74,(anonymous_6)
FN:78,(anonymous_7)
FN:83,deleteItem
FN:84,(anonymous_9)
FN:90,(anonymous_10)
FN:95,created
FNF:11
FNH:0
FNDA:0,data
FNDA:0,openingModal
FNDA:0,(anonymous_3)
FNDA:0,closePopup
FNDA:0,updateWord
FNDA:0,(anonymous_6)
FNDA:0,(anonymous_7)
FNDA:0,deleteItem
FNDA:0,(anonymous_9)
FNDA:0,(anonymous_10)
FNDA:0,created
DA:47,1
DA:48,1
DA:49,1
DA:50,1
DA:55,0
DA:66,0
DA:67,0
DA:70,0
DA:72,0
DA:73,0
DA:74,0
DA:76,0
DA:78,0
DA:79,0
DA:80,0
DA:81,0
DA:83,0
DA:84,0
DA:85,0
DA:90,0
DA:91,0
DA:92,0
DA:95,0
DA:96,0
LF:24
LH:4
BRDA:95,0,0,0
BRDA:95,0,1,0
BRDA:95,0,2,0
BRDA:95,0,3,0
BRF:4
BRH:0
end_of_record
TN:
SF:C:\repos\vocab-builder\vocab-builder\frontend\src\router\index.js
FN:17,(anonymous_0)
FN:19,(anonymous_1)
FNF:2
FNH:0
FNDA:0,(anonymous_0)
FNDA:0,(anonymous_1)
DA:6,0
DA:18,0
DA:19,0
DA:29,0
LF:4
LH:0
BRF:0
BRH:0
end_of_record
TN:
SF:C:\repos\vocab-builder\vocab-builder\frontend\src\router\routes.js
FN:5,(anonymous_0)
FN:7,(anonymous_1)
FN:8,(anonymous_2)
FN:9,(anonymous_3)
FN:10,(anonymous_4)
FN:20,(anonymous_5)
FNF:6
FNH:0
FNDA:0,(anonymous_0)
FNDA:0,(anonymous_1)
FNDA:0,(anonymous_2)
FNDA:0,(anonymous_3)
FNDA:0,(anonymous_4)
FNDA:0,(anonymous_5)
DA:2,0
DA:5,0
DA:7,0
DA:8,0
DA:9,0
DA:10,0
DA:17,0
DA:18,0
DA:20,0
LF:9
LH:0
BRDA:17,0,0,0
BRDA:17,0,1,0
BRF:2
BRH:0
end_of_record
TN:
SF:C:\repos\vocab-builder\vocab-builder\frontend\src\store\index.js
FN:17,(anonymous_0)
FNF:1
FNH:0
FNDA:0,(anonymous_0)
DA:6,0
DA:18,0
DA:28,0
LF:3
LH:0
BRF:0
BRH:0
end_of_record
TN:
SF:C:\repos\vocab-builder\vocab-builder\frontend\src\store\module-example\actions.js
FN:1,someAction
FNF:1
FNH:0
FNDA:0,someAction
LF:0
LH:0
BRF:0
BRH:0
end_of_record
TN:
SF:C:\repos\vocab-builder\vocab-builder\frontend\src\store\module-example\getters.js
FN:1,someGetter
FNF:1
FNH:0
FNDA:0,someGetter
LF:0
LH:0
BRF:0
BRH:0
end_of_record
TN:
SF:C:\repos\vocab-builder\vocab-builder\frontend\src\store\module-example\index.js
FNF:0
FNH:0
LF:0
LH:0
BRF:0
BRH:0
end_of_record
TN:
SF:C:\repos\vocab-builder\vocab-builder\frontend\src\store\module-example\mutations.js
FN:1,someMutation
FNF:1
FNH:0
FNDA:0,someMutation
LF:0
LH:0
BRF:0
BRH:0
end_of_record
TN:
SF:C:\repos\vocab-builder\vocab-builder\frontend\src\store\module-example\state.js
FN:1,(anonymous_0)
FNF:1
FNH:0
FNDA:0,(anonymous_0)
DA:2,0
LF:1
LH:0
BRF:0
BRH:0
end_of_record
